<?xml version="1.0" encoding="UTF-8"?>
<testsuite xmlns:xsi="http://www.w3.org/2001/XMLSchema-instance" xsi:noNamespaceSchemaLocation="https://maven.apache.org/surefire/maven-surefire-plugin/xsd/surefire-test-report-3.0.xsd" version="3.0" name="com.dentalcura.bookingapp.dao.impl.AppointmentDAOMemoryTest" time="0.016" tests="1" errors="0" skipped="0" failures="0">
  <properties>
[...]
</properties>
  <testcase name="insert" classname="com.dentalcura.bookingapp.dao.impl.AppointmentDAOMemoryTest" time="0.014">
    <system-out><![CDATA[2023-08-15T20:59:06.069-03:00  INFO 3444 --- [           main] c.d.b.dao.impl.AppointmentDAOMemory      : Insert appointment, running
2023-08-15T20:59:06.072-03:00  INFO 3444 --- [           main] c.d.b.dao.impl.AppointmentDAOMemory      : Data saved in memory: Appointment: 11/22/33, Dentist: Dr Test, Patient: Bender Bot
2023-08-15T20:59:06.073-03:00  INFO 3444 --- [           main] c.d.b.dao.impl.AppointmentDAOMemory      : Insert appointment, running
2023-08-15T20:59:06.073-03:00  INFO 3444 --- [           main] c.d.b.dao.impl.AppointmentDAOMemory      : Data saved in memory: Appointment: 12/22/33, Dentist: Dr Test, Patient: Bender Bot
2023-08-15T20:59:06.073-03:00  INFO 3444 --- [           main] c.d.b.dao.impl.AppointmentDAOMemory      : Insert appointment, running
2023-08-15T20:59:06.073-03:00  INFO 3444 --- [           main] c.d.b.dao.impl.AppointmentDAOMemory      : Data saved in memory: Appointment: 12/22/33, Dentist: Dr Test, Patient: Leela Up
2023-08-15T20:59:06.073-03:00  INFO 3444 --- [           main] c.d.b.dao.impl.AppointmentDAOMemory      : Insert appointment, running
2023-08-15T20:59:06.073-03:00  INFO 3444 --- [           main] c.d.b.dao.impl.AppointmentDAOMemory      : Data saved in memory: Appointment: 12/22/33, Dentist: Doctor Fry, Patient: Leela Up
2023-08-15T20:59:06.073-03:00  INFO 3444 --- [           main] c.d.b.dao.impl.AppointmentDAOMemory      : Insert appointment, running
2023-08-15T20:59:06.073-03:00  INFO 3444 --- [           main] c.d.b.dao.impl.AppointmentDAOMemory      : Appointment not added, appointment id already exists
2023-08-15T20:59:06.073-03:00  INFO 3444 --- [           main] c.d.b.dao.impl.AppointmentDAOMemory      : Search appointment by id
2023-08-15T20:59:06.074-03:00  INFO 3444 --- [           main] c.d.b.dao.impl.AppointmentDAOMemory      : Appointment not found
2023-08-15T20:59:06.074-03:00  INFO 3444 --- [           main] c.d.b.dao.impl.AppointmentDAOMemory      : Search appointment by id
2023-08-15T20:59:06.074-03:00  INFO 3444 --- [           main] c.d.b.dao.impl.AppointmentDAOMemory      : Appointment selected from memory by ID: 3. Appointment: 12/22/33, Dentist: Dr Test, Patient: Leela Up
2023-08-15T20:59:06.074-03:00  INFO 3444 --- [           main] c.d.b.dao.impl.AppointmentDAOMemory      : Update appointment internal memory, running
2023-08-15T20:59:06.074-03:00  INFO 3444 --- [           main] c.d.b.dao.impl.AppointmentDAOMemory      : Appointment not found, appointment not updated
2023-08-15T20:59:06.074-03:00  INFO 3444 --- [           main] c.d.b.dao.impl.AppointmentDAOMemory      : Update appointment internal memory, running
2023-08-15T20:59:06.074-03:00  INFO 3444 --- [           main] c.d.b.dao.impl.AppointmentDAOMemory      : Appointment ID: 2, successfully updated. Appointment: 15/22/33, Dentist: Doctor Fry, Patient: Bender Bot
2023-08-15T20:59:06.074-03:00  INFO 3444 --- [           main] c.d.b.dao.impl.AppointmentDAOMemory      : Delete appointment internal memory, running
2023-08-15T20:59:06.074-03:00  INFO 3444 --- [           main] c.d.b.dao.impl.AppointmentDAOMemory      : Appointment not found
2023-08-15T20:59:06.074-03:00  INFO 3444 --- [           main] c.d.b.dao.impl.AppointmentDAOMemory      : Delete appointment internal memory, running
2023-08-15T20:59:06.074-03:00  INFO 3444 --- [           main] c.d.b.dao.impl.AppointmentDAOMemory      : Appointment deleted by ID: 3. Appointment: 12/22/33, Dentist: Dr Test, Patient: Leela Up
2023-08-15T20:59:06.074-03:00  INFO 3444 --- [           main] c.d.b.dao.impl.AppointmentDAOMemory      : Retrieving appointment data from memory...
2023-08-15T20:59:06.075-03:00  INFO 3444 --- [           main] c.d.b.dao.impl.AppointmentDAOMemory      : Appointment: 11/22/33, Dentist: Dr Test, Patient: Bender Bot
2023-08-15T20:59:06.075-03:00  INFO 3444 --- [           main] c.d.b.dao.impl.AppointmentDAOMemory      : Appointment: 12/22/33, Dentist: Doctor Fry, Patient: Leela Up
2023-08-15T20:59:06.075-03:00  INFO 3444 --- [           main] c.d.b.dao.impl.AppointmentDAOMemory      : Appointment: 15/22/33, Dentist: Doctor Fry, Patient: Bender Bot
]]></system-out>
  </testcase>
</testsuite>