<?xml version="1.0" encoding="UTF-8"?>
<testsuite xmlns:xsi="http://www.w3.org/2001/XMLSchema-instance" xsi:noNamespaceSchemaLocation="https://maven.apache.org/surefire/maven-surefire-plugin/xsd/surefire-test-report-3.0.xsd" version="3.0" name="com.dentalcura.bookingapp.BookingAppApplicationTests" time="2.105" tests="1" errors="0" skipped="0" failures="0">
  <properties>
[...]
</properties>
  <testcase name="contextLoads" classname="com.dentalcura.bookingapp.BookingAppApplicationTests" time="0.616">
    <system-out><![CDATA[21:03:09.181 [main] INFO org.springframework.test.context.support.AnnotationConfigContextLoaderUtils -- Could not detect default configuration classes for test class [com.dentalcura.bookingapp.BookingAppApplicationTests]: BookingAppApplicationTests does not declare any static, non-private, non-final, nested classes annotated with @Configuration.
21:03:09.311 [main] INFO org.springframework.boot.test.context.SpringBootTestContextBootstrapper -- Found @SpringBootConfiguration com.dentalcura.bookingapp.BookingAppApplication for test class com.dentalcura.bookingapp.BookingAppApplicationTests

  .   ____          _            __ _ _
 /\\ / ___'_ __ _ _(_)_ __  __ _ \ \ \ \
( ( )\___ | '_ | '_| | '_ \/ _` | \ \ \ \
 \\/  ___)| |_)| | | | | || (_| |  ) ) ) )
  '  |____| .__|_| |_|_| |_\__, | / / / /
 =========|_|==============|___/=/_/_/_/
 :: Spring Boot ::                (v3.1.2)

2023-08-15T21:03:09.652-03:00  INFO 11240 --- [           main] c.d.b.BookingAppApplicationTests         : Starting BookingAppApplicationTests using Java 20.0.2 with PID 11240 (started by Usuario in C:\Users\Usuario\Desktop\back_1_clinic_github_repository\clinic\bookingapp)
2023-08-15T21:03:09.653-03:00  INFO 11240 --- [           main] c.d.b.BookingAppApplicationTests         : No active profile set, falling back to 1 default profile: "default"
2023-08-15T21:03:10.585-03:00  INFO 11240 --- [           main] c.d.b.BookingAppApplicationTests         : Started BookingAppApplicationTests in 1.136 seconds (process running for 1.992)
]]></system-out>
  </testcase>
</testsuite>